<?xml version="1.0" encoding="UTF-8"?>
<!-- Generated by org.testng.reporters.JUnitXMLReporter -->
<testsuite hostname="PuNeEtDocASAP" name="ChromeTest" tests="2" failures="1" timestamp="5 Jan 2016 15:39:14 GMT" time="44.637" errors="0">
  <testcase name="setup" time="42.486" classname="executeMain.ExecuteMain"/>
  <testcase name="loginPage" time="0.0" classname="executeMain.ExecuteMain">
    <failure type="java.lang.AssertionError" message="expected [false] but found [null]">
      <![CDATA[java.lang.AssertionError: expected [false] but found [null]
	at baseClass.BaseClass.getValue(BaseClass.java:72)
	at homePage.HomePage.<init>(HomePage.java:9)
	at executeMain.ExecuteMain.loginPage(ExecuteMain.java:64)
	at java.util.concurrent.FutureTask$Sync.innerRun(FutureTask.java:334)
	at java.util.concurrent.FutureTask.run(FutureTask.java:166)
	at java.util.concurrent.ThreadPoolExecutor.runWorker(ThreadPoolExecutor.java:1110)
	at java.util.concurrent.ThreadPoolExecutor$Worker.run(ThreadPoolExecutor.java:603)
	at java.lang.Thread.run(Thread.java:722)
... Removed 20 stack frames]]>
    </failure>
  </testcase> <!-- loginPage -->
</testsuite> <!-- ChromeTest -->
